# JRE version: OpenJDK Runtime Environment (17.0.2+8) (build 17.0.2+8-86)
# Java VM: OpenJDK 64-Bit Server VM (17.0.2+8-86, mixed mode, emulated-client, sharing, tiered, compressed oops, compressed class ptrs, g1 gc, windows-amd64)
GC Precious Log:
 CPUs: 4 total, 4 available
 Memory: 16322M
 Large Page Support: Disabled
 NUMA Support: Disabled
 Compressed Oops: Enabled (Zero based)
 Heap Region Size: 2M
 Heap Min Capacity: 8M
 Heap Initial Capacity: 256M
 Heap Max Capacity: 4082M
 Pre-touch: Disabled
 Parallel Workers: 4
 Concurrent Workers: 1
 Concurrent Refinement Workers: 4
 Periodic GC: Disabled
Heap:
 garbage-first heap   total 163840K, used 28630K [0x0000000700e00000, 0x0000000800000000)
  region size 2048K, 2 young (4096K), 2 survivors (4096K)
 Metaspace       used 56679K, committed 57088K, reserved 1105920K
  class space    used 7875K, committed 8064K, reserved 1048576K
GC Heap History (20 events):
Event: 2.983 GC heap after
{Heap after GC invocations=8 (full 0):
 garbage-first heap   total 159744K, used 18632K [0x0000000700e00000, 0x0000000800000000)
  region size 2048K, 2 young (4096K), 2 survivors (4096K)
 Metaspace       used 36112K, committed 36480K, reserved 1081344K
  class space    used 4951K, committed 5120K, reserved 1048576K
}
Event: 3.431 GC heap before
{Heap before GC invocations=9 (full 0):
 garbage-first heap   total 75776K, used 59592K [0x0000000700e00000, 0x0000000800000000)
  region size 2048K, 22 young (45056K), 2 survivors (4096K)
 Metaspace       used 43448K, committed 43840K, reserved 1089536K
  class space    used 6057K, committed 6208K, reserved 1048576K
}
Event: 3.437 GC heap after
{Heap after GC invocations=10 (full 0):
 garbage-first heap   total 75776K, used 20516K [0x0000000700e00000, 0x0000000800000000)
  region size 2048K, 1 young (2048K), 1 survivors (2048K)
 Metaspace       used 43448K, committed 43840K, reserved 1089536K
  class space    used 6057K, committed 6208K, reserved 1048576K
}
Event: 3.485 GC heap before
{Heap before GC invocations=10 (full 0):
 garbage-first heap   total 75776K, used 22564K [0x0000000700e00000, 0x0000000800000000)
  region size 2048K, 2 young (4096K), 1 survivors (2048K)
 Metaspace       used 43998K, committed 44352K, reserved 1089536K
  class space    used 6131K, committed 6272K, reserved 1048576K
}
Event: 3.487 GC heap after
{Heap after GC invocations=11 (full 0):
 garbage-first heap   total 75776K, used 21003K [0x0000000700e00000, 0x0000000800000000)
  region size 2048K, 1 young (2048K), 1 survivors (2048K)
 Metaspace       used 43998K, committed 44352K, reserved 1089536K
  class space    used 6131K, committed 6272K, reserved 1048576K
}
Event: 3.811 GC heap before
{Heap before GC invocations=11 (full 0):
 garbage-first heap   total 75776K, used 55819K [0x0000000700e00000, 0x0000000800000000)
  region size 2048K, 18 young (36864K), 1 survivors (2048K)
 Metaspace       used 47452K, committed 47936K, reserved 1097728K
  class space    used 6623K, committed 6848K, reserved 1048576K
}
Event: 3.815 GC heap after
{Heap after GC invocations=12 (full 0):
 garbage-first heap   total 163840K, used 23077K [0x0000000700e00000, 0x0000000800000000)
  region size 2048K, 2 young (4096K), 2 survivors (4096K)
 Metaspace       used 47452K, committed 47936K, reserved 1097728K
  class space    used 6623K, committed 6848K, reserved 1048576K
}
Event: 11.496 GC heap before
{Heap before GC invocations=13 (full 0):
 garbage-first heap   total 96256K, used 76325K [0x0000000700e00000, 0x0000000800000000)
  region size 2048K, 28 young (57344K), 2 survivors (4096K)
 Metaspace       used 53407K, committed 53824K, reserved 1097728K
  class space    used 7483K, committed 7680K, reserved 1048576K
}
Event: 11.501 GC heap after
{Heap after GC invocations=14 (full 0):
 garbage-first heap   total 96256K, used 26620K [0x0000000700e00000, 0x0000000800000000)
  region size 2048K, 3 young (6144K), 3 survivors (6144K)
 Metaspace       used 53407K, committed 53824K, reserved 1097728K
  class space    used 7483K, committed 7680K, reserved 1048576K
}
Event: 15.211 GC heap before
{Heap before GC invocations=14 (full 0):
 garbage-first heap   total 96256K, used 71676K [0x0000000700e00000, 0x0000000800000000)
  region size 2048K, 26 young (53248K), 3 survivors (6144K)
 Metaspace       used 56679K, committed 57088K, reserved 1105920K
  class space    used 7875K, committed 8064K, reserved 1048576K
}
Event: 15.217 GC heap after
{Heap after GC invocations=15 (full 0):
 garbage-first heap   total 96256K, used 28764K [0x0000000700e00000, 0x0000000800000000)
  region size 2048K, 3 young (6144K), 3 survivors (6144K)
 Metaspace       used 56679K, committed 57088K, reserved 1105920K
  class space    used 7875K, committed 8064K, reserved 1048576K
}
Event: 15.224 GC heap before
{Heap before GC invocations=15 (full 0):
 garbage-first heap   total 96256K, used 71772K [0x0000000700e00000, 0x0000000800000000)
  region size 2048K, 25 young (51200K), 3 survivors (6144K)
 Metaspace       used 56679K, committed 57088K, reserved 1105920K
  class space    used 7875K, committed 8064K, reserved 1048576K
}
Event: 15.229 GC heap after
{Heap after GC invocations=16 (full 0):
 garbage-first heap   total 96256K, used 29089K [0x0000000700e00000, 0x0000000800000000)
  region size 2048K, 2 young (4096K), 2 survivors (4096K)
 Metaspace       used 56679K, committed 57088K, reserved 1105920K
  class space    used 7875K, committed 8064K, reserved 1048576K
}
Event: 15.235 GC heap before
{Heap before GC invocations=16 (full 0):
 garbage-first heap   total 96256K, used 72097K [0x0000000700e00000, 0x0000000800000000)
  region size 2048K, 24 young (49152K), 2 survivors (4096K)
 Metaspace       used 56679K, committed 57088K, reserved 1105920K
  class space    used 7875K, committed 8064K, reserved 1048576K
}
Event: 15.237 GC heap after
{Heap after GC invocations=17 (full 0):
 garbage-first heap   total 96256K, used 28679K [0x0000000700e00000, 0x0000000800000000)
  region size 2048K, 2 young (4096K), 2 survivors (4096K)
 Metaspace       used 56679K, committed 57088K, reserved 1105920K
  class space    used 7875K, committed 8064K, reserved 1048576K
}
Event: 15.243 GC heap before
{Heap before GC invocations=17 (full 0):
 garbage-first heap   total 96256K, used 73735K [0x0000000700e00000, 0x0000000800000000)
  region size 2048K, 25 young (51200K), 2 survivors (4096K)
 Metaspace       used 56679K, committed 57088K, reserved 1105920K
  class space    used 7875K, committed 8064K, reserved 1048576K
}
Event: 15.245 GC heap after
{Heap after GC invocations=18 (full 0):
 garbage-first heap   total 96256K, used 28749K [0x0000000700e00000, 0x0000000800000000)
  region size 2048K, 2 young (4096K), 2 survivors (4096K)
 Metaspace       used 56679K, committed 57088K, reserved 1105920K
  class space    used 7875K, committed 8064K, reserved 1048576K
}
Event: 15.251 GC heap before
{Heap before GC invocations=18 (full 0):
 garbage-first heap   total 96256K, used 73805K [0x0000000700e00000, 0x0000000800000000)
  region size 2048K, 25 young (51200K), 2 survivors (4096K)
 Metaspace       used 56679K, committed 57088K, reserved 1105920K
  class space    used 7875K, committed 8064K, reserved 1048576K
}
Event: 15.253 GC heap after
{Heap after GC invocations=19 (full 0):
 garbage-first heap   total 96256K, used 28642K [0x0000000700e00000, 0x0000000800000000)
  region size 2048K, 2 young (4096K), 2 survivors (4096K)
 Metaspace       used 56679K, committed 57088K, reserved 1105920K
  class space    used 7875K, committed 8064K, reserved 1048576K
}
Event: 15.259 GC heap before
{Heap before GC invocations=19 (full 0):
 garbage-first heap   total 96256K, used 75746K [0x0000000700e00000, 0x0000000800000000)
  region size 2048K, 26 young (53248K), 2 survivors (4096K)
 Metaspace       used 56679K, committed 57088K, reserved 1105920K
  class space    used 7875K, committed 8064K, reserved 1048576K
}

