# JRE version: OpenJDK Runtime Environment (17.0.2+8) (build 17.0.2+8-86)
# Java VM: OpenJDK 64-Bit Server VM (17.0.2+8-86, mixed mode, emulated-client, sharing, tiered, compressed oops, compressed class ptrs, g1 gc, windows-amd64)
GC Precious Log:
 CPUs: 4 total, 4 available
 Memory: 16322M
 Large Page Support: Disabled
 NUMA Support: Disabled
 Compressed Oops: Enabled (Zero based)
 Heap Region Size: 2M
 Heap Min Capacity: 8M
 Heap Initial Capacity: 256M
 Heap Max Capacity: 4082M
 Pre-touch: Disabled
 Parallel Workers: 4
 Concurrent Workers: 1
 Concurrent Refinement Workers: 4
 Periodic GC: Disabled
Heap:
 garbage-first heap   total 262144K, used 29139K [0x0000000700e00000, 0x0000000800000000)
  region size 2048K, 4 young (8192K), 4 survivors (8192K)
 Metaspace       used 56679K, committed 57152K, reserved 1105920K
  class space    used 7878K, committed 8128K, reserved 1048576K
GC Heap History (20 events):
Event: 2.926 GC heap after
{Heap after GC invocations=8 (full 0):
 garbage-first heap   total 159744K, used 18780K [0x0000000700e00000, 0x0000000800000000)
  region size 2048K, 2 young (4096K), 2 survivors (4096K)
 Metaspace       used 36055K, committed 36416K, reserved 1081344K
  class space    used 4953K, committed 5120K, reserved 1048576K
}
Event: 3.394 GC heap before
{Heap before GC invocations=9 (full 0):
 garbage-first heap   total 75776K, used 59740K [0x0000000700e00000, 0x0000000800000000)
  region size 2048K, 22 young (45056K), 2 survivors (4096K)
 Metaspace       used 43496K, committed 43840K, reserved 1089536K
  class space    used 6066K, committed 6208K, reserved 1048576K
}
Event: 3.399 GC heap after
{Heap after GC invocations=10 (full 0):
 garbage-first heap   total 75776K, used 20686K [0x0000000700e00000, 0x0000000800000000)
  region size 2048K, 2 young (4096K), 2 survivors (4096K)
 Metaspace       used 43496K, committed 43840K, reserved 1089536K
  class space    used 6066K, committed 6208K, reserved 1048576K
}
Event: 3.445 GC heap before
{Heap before GC invocations=10 (full 0):
 garbage-first heap   total 75776K, used 22734K [0x0000000700e00000, 0x0000000800000000)
  region size 2048K, 3 young (6144K), 2 survivors (4096K)
 Metaspace       used 44019K, committed 44416K, reserved 1089536K
  class space    used 6134K, committed 6336K, reserved 1048576K
}
Event: 3.448 GC heap after
{Heap after GC invocations=11 (full 0):
 garbage-first heap   total 75776K, used 20902K [0x0000000700e00000, 0x0000000800000000)
  region size 2048K, 1 young (2048K), 1 survivors (2048K)
 Metaspace       used 44019K, committed 44416K, reserved 1089536K
  class space    used 6134K, committed 6336K, reserved 1048576K
}
Event: 3.766 GC heap before
{Heap before GC invocations=11 (full 0):
 garbage-first heap   total 75776K, used 55718K [0x0000000700e00000, 0x0000000800000000)
  region size 2048K, 18 young (36864K), 1 survivors (2048K)
 Metaspace       used 47450K, committed 47872K, reserved 1097728K
  class space    used 6626K, committed 6848K, reserved 1048576K
}
Event: 3.770 GC heap after
{Heap after GC invocations=12 (full 0):
 garbage-first heap   total 75776K, used 23004K [0x0000000700e00000, 0x0000000800000000)
  region size 2048K, 2 young (4096K), 2 survivors (4096K)
 Metaspace       used 47450K, committed 47872K, reserved 1097728K
  class space    used 6626K, committed 6848K, reserved 1048576K
}
Event: 4.193 GC heap before
{Heap before GC invocations=13 (full 0):
 garbage-first heap   total 75776K, used 55772K [0x0000000700e00000, 0x0000000800000000)
  region size 2048K, 18 young (36864K), 2 survivors (4096K)
 Metaspace       used 50666K, committed 51072K, reserved 1097728K
  class space    used 7110K, committed 7296K, reserved 1048576K
}
Event: 4.198 GC heap after
{Heap after GC invocations=14 (full 0):
 garbage-first heap   total 75776K, used 25648K [0x0000000700e00000, 0x0000000800000000)
  region size 2048K, 3 young (6144K), 3 survivors (6144K)
 Metaspace       used 50666K, committed 51072K, reserved 1097728K
  class space    used 7110K, committed 7296K, reserved 1048576K
}
Event: 11.860 GC heap before
{Heap before GC invocations=14 (full 0):
 garbage-first heap   total 75776K, used 54320K [0x0000000700e00000, 0x0000000800000000)
  region size 2048K, 18 young (36864K), 3 survivors (6144K)
 Metaspace       used 56242K, committed 56704K, reserved 1097728K
  class space    used 7820K, committed 8064K, reserved 1048576K
}
Event: 11.867 GC heap after
{Heap after GC invocations=15 (full 0):
 garbage-first heap   total 159744K, used 28855K [0x0000000700e00000, 0x0000000800000000)
  region size 2048K, 3 young (6144K), 3 survivors (6144K)
 Metaspace       used 56242K, committed 56704K, reserved 1097728K
  class space    used 7820K, committed 8064K, reserved 1048576K
}
Event: 12.034 GC heap before
{Heap before GC invocations=15 (full 0):
 garbage-first heap   total 159744K, used 114871K [0x0000000700e00000, 0x0000000800000000)
  region size 2048K, 46 young (94208K), 3 survivors (6144K)
 Metaspace       used 56679K, committed 57152K, reserved 1105920K
  class space    used 7878K, committed 8128K, reserved 1048576K
}
Event: 12.042 GC heap after
{Heap after GC invocations=16 (full 0):
 garbage-first heap   total 159744K, used 28855K [0x0000000700e00000, 0x0000000800000000)
  region size 2048K, 3 young (6144K), 3 survivors (6144K)
 Metaspace       used 56679K, committed 57152K, reserved 1105920K
  class space    used 7878K, committed 8128K, reserved 1048576K
}
Event: 12.058 GC heap before
{Heap before GC invocations=16 (full 0):
 garbage-first heap   total 159744K, used 114871K [0x0000000700e00000, 0x0000000800000000)
  region size 2048K, 46 young (94208K), 3 survivors (6144K)
 Metaspace       used 56679K, committed 57152K, reserved 1105920K
  class space    used 7878K, committed 8128K, reserved 1048576K
}
Event: 12.064 GC heap after
{Heap after GC invocations=17 (full 0):
 garbage-first heap   total 159744K, used 29132K [0x0000000700e00000, 0x0000000800000000)
  region size 2048K, 4 young (8192K), 4 survivors (8192K)
 Metaspace       used 56679K, committed 57152K, reserved 1105920K
  class space    used 7878K, committed 8128K, reserved 1048576K
}
Event: 12.077 GC heap before
{Heap before GC invocations=17 (full 0):
 garbage-first heap   total 159744K, used 113100K [0x0000000700e00000, 0x0000000800000000)
  region size 2048K, 46 young (94208K), 4 survivors (8192K)
 Metaspace       used 56679K, committed 57152K, reserved 1105920K
  class space    used 7878K, committed 8128K, reserved 1048576K
}
Event: 12.082 GC heap after
{Heap after GC invocations=18 (full 0):
 garbage-first heap   total 159744K, used 29141K [0x0000000700e00000, 0x0000000800000000)
  region size 2048K, 4 young (8192K), 4 survivors (8192K)
 Metaspace       used 56679K, committed 57152K, reserved 1105920K
  class space    used 7878K, committed 8128K, reserved 1048576K
}
Event: 12.093 GC heap before
{Heap before GC invocations=18 (full 0):
 garbage-first heap   total 159744K, used 113109K [0x0000000700e00000, 0x0000000800000000)
  region size 2048K, 46 young (94208K), 4 survivors (8192K)
 Metaspace       used 56679K, committed 57152K, reserved 1105920K
  class space    used 7878K, committed 8128K, reserved 1048576K
}
Event: 12.097 GC heap after
{Heap after GC invocations=19 (full 0):
 garbage-first heap   total 159744K, used 28807K [0x0000000700e00000, 0x0000000800000000)
  region size 2048K, 3 young (6144K), 3 survivors (6144K)
 Metaspace       used 56679K, committed 57152K, reserved 1105920K
  class space    used 7878K, committed 8128K, reserved 1048576K
}
Event: 12.110 GC heap before
{Heap before GC invocations=19 (full 0):
 garbage-first heap   total 159744K, used 114823K [0x0000000700e00000, 0x0000000800000000)
  region size 2048K, 46 young (94208K), 3 survivors (6144K)
 Metaspace       used 56679K, committed 57152K, reserved 1105920K
  class space    used 7878K, committed 8128K, reserved 1048576K
}

