# JRE version: OpenJDK Runtime Environment (17.0.2+8) (build 17.0.2+8-86)
# Java VM: OpenJDK 64-Bit Server VM (17.0.2+8-86, mixed mode, emulated-client, sharing, tiered, compressed oops, compressed class ptrs, g1 gc, windows-amd64)
GC Precious Log:
 CPUs: 4 total, 4 available
 Memory: 16322M
 Large Page Support: Disabled
 NUMA Support: Disabled
 Compressed Oops: Enabled (Zero based)
 Heap Region Size: 2M
 Heap Min Capacity: 8M
 Heap Initial Capacity: 256M
 Heap Max Capacity: 4082M
 Pre-touch: Disabled
 Parallel Workers: 4
 Concurrent Workers: 1
 Concurrent Refinement Workers: 4
 Periodic GC: Disabled
Heap:
 garbage-first heap   total 122880K, used 28989K [0x0000000700e00000, 0x0000000800000000)
  region size 2048K, 3 young (6144K), 3 survivors (6144K)
 Metaspace       used 55447K, committed 55872K, reserved 1097728K
  class space    used 7722K, committed 7936K, reserved 1048576K
GC Heap History (20 events):
Event: 0.711 GC heap after
{Heap after GC invocations=2 (full 0):
 garbage-first heap   total 262144K, used 7297K [0x0000000700e00000, 0x0000000800000000)
  region size 2048K, 1 young (2048K), 1 survivors (2048K)
 Metaspace       used 7194K, committed 7360K, reserved 1056768K
  class space    used 893K, committed 960K, reserved 1048576K
}
Event: 0.949 GC heap before
{Heap before GC invocations=2 (full 0):
 garbage-first heap   total 262144K, used 25729K [0x0000000700e00000, 0x0000000800000000)
  region size 2048K, 10 young (20480K), 1 survivors (2048K)
 Metaspace       used 11205K, committed 11456K, reserved 1064960K
  class space    used 1478K, committed 1600K, reserved 1048576K
}
Event: 0.951 GC heap after
{Heap after GC invocations=3 (full 0):
 garbage-first heap   total 262144K, used 8560K [0x0000000700e00000, 0x0000000800000000)
  region size 2048K, 2 young (4096K), 2 survivors (4096K)
 Metaspace       used 11205K, committed 11456K, reserved 1064960K
  class space    used 1478K, committed 1600K, reserved 1048576K
}
Event: 1.989 GC heap before
{Heap before GC invocations=3 (full 0):
 garbage-first heap   total 262144K, used 80240K [0x0000000700e00000, 0x0000000800000000)
  region size 2048K, 38 young (77824K), 2 survivors (4096K)
 Metaspace       used 21197K, committed 21504K, reserved 1073152K
  class space    used 2930K, committed 3072K, reserved 1048576K
}
Event: 1.996 GC heap after
{Heap after GC invocations=4 (full 0):
 garbage-first heap   total 262144K, used 13786K [0x0000000700e00000, 0x0000000800000000)
  region size 2048K, 4 young (8192K), 4 survivors (8192K)
 Metaspace       used 21197K, committed 21504K, reserved 1073152K
  class space    used 2930K, committed 3072K, reserved 1048576K
}
Event: 2.447 GC heap before
{Heap before GC invocations=5 (full 0):
 garbage-first heap   total 55296K, used 40410K [0x0000000700e00000, 0x0000000800000000)
  region size 2048K, 18 young (36864K), 4 survivors (8192K)
 Metaspace       used 24464K, committed 24832K, reserved 1073152K
  class space    used 3373K, committed 3584K, reserved 1048576K
}
Event: 2.455 GC heap after
{Heap after GC invocations=6 (full 0):
 garbage-first heap   total 55296K, used 15924K [0x0000000700e00000, 0x0000000800000000)
  region size 2048K, 5 young (10240K), 5 survivors (10240K)
 Metaspace       used 24464K, committed 24832K, reserved 1073152K
  class space    used 3373K, committed 3584K, reserved 1048576K
}
Event: 2.462 GC heap before
{Heap before GC invocations=6 (full 0):
 garbage-first heap   total 55296K, used 17972K [0x0000000700e00000, 0x0000000800000000)
  region size 2048K, 6 young (12288K), 5 survivors (10240K)
 Metaspace       used 24464K, committed 24832K, reserved 1073152K
  class space    used 3373K, committed 3584K, reserved 1048576K
}
Event: 2.469 GC heap after
{Heap after GC invocations=7 (full 0):
 garbage-first heap   total 159744K, used 16399K [0x0000000700e00000, 0x0000000800000000)
  region size 2048K, 1 young (2048K), 1 survivors (2048K)
 Metaspace       used 24464K, committed 24832K, reserved 1073152K
  class space    used 3373K, committed 3584K, reserved 1048576K
}
Event: 3.037 GC heap before
{Heap before GC invocations=7 (full 0):
 garbage-first heap   total 159744K, used 51215K [0x0000000700e00000, 0x0000000800000000)
  region size 2048K, 19 young (38912K), 1 survivors (2048K)
 Metaspace       used 36056K, committed 36416K, reserved 1081344K
  class space    used 4952K, committed 5120K, reserved 1048576K
}
Event: 3.041 GC heap after
{Heap after GC invocations=8 (full 0):
 garbage-first heap   total 159744K, used 18895K [0x0000000700e00000, 0x0000000800000000)
  region size 2048K, 2 young (4096K), 2 survivors (4096K)
 Metaspace       used 36056K, committed 36416K, reserved 1081344K
  class space    used 4952K, committed 5120K, reserved 1048576K
}
Event: 3.464 GC heap before
{Heap before GC invocations=9 (full 0):
 garbage-first heap   total 75776K, used 59855K [0x0000000700e00000, 0x0000000800000000)
  region size 2048K, 22 young (45056K), 2 survivors (4096K)
 Metaspace       used 43486K, committed 43840K, reserved 1089536K
  class space    used 6063K, committed 6208K, reserved 1048576K
}
Event: 3.468 GC heap after
{Heap after GC invocations=10 (full 0):
 garbage-first heap   total 75776K, used 20998K [0x0000000700e00000, 0x0000000800000000)
  region size 2048K, 2 young (4096K), 2 survivors (4096K)
 Metaspace       used 43486K, committed 43840K, reserved 1089536K
  class space    used 6063K, committed 6208K, reserved 1048576K
}
Event: 3.511 GC heap before
{Heap before GC invocations=10 (full 0):
 garbage-first heap   total 75776K, used 23046K [0x0000000700e00000, 0x0000000800000000)
  region size 2048K, 3 young (6144K), 2 survivors (4096K)
 Metaspace       used 44017K, committed 44416K, reserved 1089536K
  class space    used 6132K, committed 6336K, reserved 1048576K
}
Event: 3.514 GC heap after
{Heap after GC invocations=11 (full 0):
 garbage-first heap   total 75776K, used 21314K [0x0000000700e00000, 0x0000000800000000)
  region size 2048K, 1 young (2048K), 1 survivors (2048K)
 Metaspace       used 44017K, committed 44416K, reserved 1089536K
  class space    used 6132K, committed 6336K, reserved 1048576K
}
Event: 3.804 GC heap before
{Heap before GC invocations=11 (full 0):
 garbage-first heap   total 75776K, used 54082K [0x0000000700e00000, 0x0000000800000000)
  region size 2048K, 17 young (34816K), 1 survivors (2048K)
 Metaspace       used 47366K, committed 47808K, reserved 1097728K
  class space    used 6603K, committed 6784K, reserved 1048576K
}
Event: 3.807 GC heap after
{Heap after GC invocations=12 (full 0):
 garbage-first heap   total 75776K, used 23312K [0x0000000700e00000, 0x0000000800000000)
  region size 2048K, 2 young (4096K), 2 survivors (4096K)
 Metaspace       used 47366K, committed 47808K, reserved 1097728K
  class space    used 6603K, committed 6784K, reserved 1048576K
}
Event: 4.153 GC heap before
{Heap before GC invocations=13 (full 0):
 garbage-first heap   total 75776K, used 54032K [0x0000000700e00000, 0x0000000800000000)
  region size 2048K, 17 young (34816K), 2 survivors (4096K)
 Metaspace       used 50334K, committed 50752K, reserved 1097728K
  class space    used 7057K, committed 7296K, reserved 1048576K
}
Event: 4.157 GC heap after
{Heap after GC invocations=14 (full 0):
 garbage-first heap   total 75776K, used 25684K [0x0000000700e00000, 0x0000000800000000)
  region size 2048K, 3 young (6144K), 3 survivors (6144K)
 Metaspace       used 50334K, committed 50752K, reserved 1097728K
  class space    used 7057K, committed 7296K, reserved 1048576K
}
Event: 20.722 GC heap before
{Heap before GC invocations=14 (full 0):
 garbage-first heap   total 75776K, used 54356K [0x0000000700e00000, 0x0000000800000000)
  region size 2048K, 18 young (36864K), 3 survivors (6144K)
 Metaspace       used 55447K, committed 55872K, reserved 1097728K
  class space    used 7722K, committed 7936K, reserved 1048576K
}

